{"/Users/admin/Downloads/spa-starter/src/App.jsx": {"path":"/Users/admin/Downloads/spa-starter/src/App.jsx","statementMap":{"0":{"start":{"line":13,"column":2},"end":{"line":28,"column":4}}},"fnMap":{"0":{"name":"App","decl":{"start":{"line":12,"column":9},"end":{"line":12,"column":12}},"loc":{"start":{"line":12,"column":15},"end":{"line":29,"column":1}},"line":12}},"branchMap":{},"s":{"0":6},"f":{"0":6},"b":{},"_coverageSchema":"1a1c01bbd47fc00a2c39e90264f33305004495a9","hash":"03263fea39b7064eff2345b4a7d7d33efbaa3e70"}
,"/Users/admin/Downloads/spa-starter/src/config.js": {"path":"/Users/admin/Downloads/spa-starter/src/config.js","statementMap":{"0":{"start":{"line":1,"column":16},"end":{"line":1,"column":19}},"1":{"start":{"line":3,"column":16},"end":{"line":3,"column":67}}},"fnMap":{},"branchMap":{},"s":{"0":3,"1":3},"f":{},"b":{},"_coverageSchema":"1a1c01bbd47fc00a2c39e90264f33305004495a9","hash":"4b7f4fd089121b5ec3cfbb192887252f68c6924e"}
,"/Users/admin/Downloads/spa-starter/src/components/CategoryItem.jsx": {"path":"/Users/admin/Downloads/spa-starter/src/components/CategoryItem.jsx","statementMap":{"0":{"start":{"line":9,"column":6},"end":{"line":9,"column":11}},"1":{"start":{"line":11,"column":2},"end":{"line":26,"column":4}}},"fnMap":{"0":{"name":"CategoryItem","decl":{"start":{"line":3,"column":9},"end":{"line":3,"column":21}},"loc":{"start":{"line":3,"column":29},"end":{"line":27,"column":1}},"line":3}},"branchMap":{},"s":{"0":11,"1":11},"f":{"0":11},"b":{},"_coverageSchema":"1a1c01bbd47fc00a2c39e90264f33305004495a9","hash":"c6a2ed486812629422e2872023fcb22c556353e6"}
,"/Users/admin/Downloads/spa-starter/src/components/CategoryList.jsx": {"path":"/Users/admin/Downloads/spa-starter/src/components/CategoryList.jsx","statementMap":{"0":{"start":{"line":4,"column":2},"end":{"line":10,"column":4}},"1":{"start":{"line":7,"column":8},"end":{"line":7,"column":52}}},"fnMap":{"0":{"name":"CategoryList","decl":{"start":{"line":3,"column":9},"end":{"line":3,"column":21}},"loc":{"start":{"line":3,"column":40},"end":{"line":11,"column":1}},"line":3},"1":{"name":"(anonymous_1)","decl":{"start":{"line":6,"column":19},"end":{"line":6,"column":20}},"loc":{"start":{"line":7,"column":8},"end":{"line":7,"column":52}},"line":7}},"branchMap":{"0":{"loc":{"start":{"line":3,"column":24},"end":{"line":3,"column":36}},"type":"default-arg","locations":[{"start":{"line":3,"column":34},"end":{"line":3,"column":36}}],"line":3}},"s":{"0":7,"1":10},"f":{"0":7,"1":10},"b":{"0":[1]},"_coverageSchema":"1a1c01bbd47fc00a2c39e90264f33305004495a9","hash":"97a5b5b7aa0f68871a466cc26363e2a85842a517"}
,"/Users/admin/Downloads/spa-starter/src/components/Footer.jsx": {"path":"/Users/admin/Downloads/spa-starter/src/components/Footer.jsx","statementMap":{"0":{"start":{"line":2,"column":2},"end":{"line":18,"column":4}}},"fnMap":{"0":{"name":"Footer","decl":{"start":{"line":1,"column":9},"end":{"line":1,"column":15}},"loc":{"start":{"line":1,"column":18},"end":{"line":19,"column":1}},"line":1}},"branchMap":{},"s":{"0":7},"f":{"0":7},"b":{},"_coverageSchema":"1a1c01bbd47fc00a2c39e90264f33305004495a9","hash":"82bbe343899aac69bec112a78d8d870b8f542b85"}
,"/Users/admin/Downloads/spa-starter/src/components/Header.jsx": {"path":"/Users/admin/Downloads/spa-starter/src/components/Header.jsx","statementMap":{"0":{"start":{"line":4,"column":2},"end":{"line":20,"column":4}}},"fnMap":{"0":{"name":"Header","decl":{"start":{"line":3,"column":9},"end":{"line":3,"column":15}},"loc":{"start":{"line":3,"column":18},"end":{"line":21,"column":1}},"line":3}},"branchMap":{},"s":{"0":7},"f":{"0":7},"b":{},"_coverageSchema":"1a1c01bbd47fc00a2c39e90264f33305004495a9","hash":"1a526cbbde950f7d011d0813e6d071c952dd2741"}
,"/Users/admin/Downloads/spa-starter/src/components/Meal.jsx": {"path":"/Users/admin/Downloads/spa-starter/src/components/Meal.jsx","statementMap":{"0":{"start":{"line":4,"column":44},"end":{"line":4,"column":49}},"1":{"start":{"line":6,"column":2},"end":{"line":20,"column":4}}},"fnMap":{"0":{"name":"Meal","decl":{"start":{"line":3,"column":9},"end":{"line":3,"column":13}},"loc":{"start":{"line":3,"column":21},"end":{"line":21,"column":1}},"line":3}},"branchMap":{},"s":{"0":5,"1":5},"f":{"0":5},"b":{},"_coverageSchema":"1a1c01bbd47fc00a2c39e90264f33305004495a9","hash":"c18e5cb04bc1d66b40e75f34f032149cc4203d1c"}
,"/Users/admin/Downloads/spa-starter/src/components/MealList.jsx": {"path":"/Users/admin/Downloads/spa-starter/src/components/MealList.jsx","statementMap":{"0":{"start":{"line":4,"column":2},"end":{"line":10,"column":4}},"1":{"start":{"line":7,"column":8},"end":{"line":7,"column":44}}},"fnMap":{"0":{"name":"MealList","decl":{"start":{"line":3,"column":9},"end":{"line":3,"column":17}},"loc":{"start":{"line":3,"column":29},"end":{"line":11,"column":1}},"line":3},"1":{"name":"(anonymous_1)","decl":{"start":{"line":6,"column":17},"end":{"line":6,"column":18}},"loc":{"start":{"line":7,"column":8},"end":{"line":7,"column":44}},"line":7}},"branchMap":{},"s":{"0":2,"1":4},"f":{"0":2,"1":4},"b":{},"_coverageSchema":"1a1c01bbd47fc00a2c39e90264f33305004495a9","hash":"c4190425efae12d58dcb1701bbe31aa35166d817"}
,"/Users/admin/Downloads/spa-starter/src/components/Preloader.jsx": {"path":"/Users/admin/Downloads/spa-starter/src/components/Preloader.jsx","statementMap":{"0":{"start":{"line":2,"column":2},"end":{"line":6,"column":4}}},"fnMap":{"0":{"name":"Preloader","decl":{"start":{"line":1,"column":9},"end":{"line":1,"column":18}},"loc":{"start":{"line":1,"column":21},"end":{"line":7,"column":1}},"line":1}},"branchMap":{},"s":{"0":9},"f":{"0":9},"b":{},"_coverageSchema":"1a1c01bbd47fc00a2c39e90264f33305004495a9","hash":"8c8becda35ab15d76aaefbc34ce7e8aff34e9c0c"}
,"/Users/admin/Downloads/spa-starter/src/components/Search.jsx": {"path":"/Users/admin/Downloads/spa-starter/src/components/Search.jsx","statementMap":{"0":{"start":{"line":4,"column":28},"end":{"line":4,"column":40}},"1":{"start":{"line":6,"column":20},"end":{"line":10,"column":3}},"2":{"start":{"line":7,"column":4},"end":{"line":9,"column":5}},"3":{"start":{"line":8,"column":6},"end":{"line":8,"column":21}},"4":{"start":{"line":12,"column":23},"end":{"line":14,"column":3}},"5":{"start":{"line":13,"column":4},"end":{"line":13,"column":14}},"6":{"start":{"line":16,"column":2},"end":{"line":40,"column":4}},"7":{"start":{"line":24,"column":27},"end":{"line":24,"column":51}}},"fnMap":{"0":{"name":"Search","decl":{"start":{"line":3,"column":9},"end":{"line":3,"column":15}},"loc":{"start":{"line":3,"column":45},"end":{"line":41,"column":1}},"line":3},"1":{"name":"(anonymous_1)","decl":{"start":{"line":6,"column":20},"end":{"line":6,"column":21}},"loc":{"start":{"line":6,"column":27},"end":{"line":10,"column":3}},"line":6},"2":{"name":"(anonymous_2)","decl":{"start":{"line":12,"column":23},"end":{"line":12,"column":24}},"loc":{"start":{"line":12,"column":29},"end":{"line":14,"column":3}},"line":12},"3":{"name":"(anonymous_3)","decl":{"start":{"line":24,"column":20},"end":{"line":24,"column":21}},"loc":{"start":{"line":24,"column":27},"end":{"line":24,"column":51}},"line":24}},"branchMap":{"0":{"loc":{"start":{"line":3,"column":18},"end":{"line":3,"column":41}},"type":"default-arg","locations":[{"start":{"line":3,"column":23},"end":{"line":3,"column":41}}],"line":3},"1":{"loc":{"start":{"line":7,"column":4},"end":{"line":9,"column":5}},"type":"if","locations":[{"start":{"line":7,"column":4},"end":{"line":9,"column":5}},{"start":{},"end":{}}],"line":7}},"s":{"0":38,"1":38,"2":27,"3":1,"4":38,"5":3,"6":38,"7":26},"f":{"0":38,"1":27,"2":3,"3":26},"b":{"0":[9],"1":[1,26]},"_coverageSchema":"1a1c01bbd47fc00a2c39e90264f33305004495a9","hash":"f3ce6672e2acdefd056b58eaab27fe83ec2d12d3"}
,"/Users/admin/Downloads/spa-starter/src/pages/About.jsx": {"path":"/Users/admin/Downloads/spa-starter/src/pages/About.jsx","statementMap":{"0":{"start":{"line":2,"column":2},"end":{"line":2,"column":41}}},"fnMap":{"0":{"name":"About","decl":{"start":{"line":1,"column":9},"end":{"line":1,"column":14}},"loc":{"start":{"line":1,"column":17},"end":{"line":3,"column":1}},"line":1}},"branchMap":{},"s":{"0":1},"f":{"0":1},"b":{},"_coverageSchema":"1a1c01bbd47fc00a2c39e90264f33305004495a9","hash":"92adf6c6c4b5fba66eef97c68738b65b2b797805"}
,"/Users/admin/Downloads/spa-starter/src/pages/Category.jsx": {"path":"/Users/admin/Downloads/spa-starter/src/pages/Category.jsx","statementMap":{"0":{"start":{"line":9,"column":19},"end":{"line":9,"column":30}},"1":{"start":{"line":10,"column":28},"end":{"line":10,"column":40}},"2":{"start":{"line":11,"column":21},"end":{"line":11,"column":33}},"3":{"start":{"line":13,"column":2},"end":{"line":15,"column":13}},"4":{"start":{"line":14,"column":4},"end":{"line":14,"column":67}},"5":{"start":{"line":14,"column":45},"end":{"line":14,"column":65}},"6":{"start":{"line":17,"column":2},"end":{"line":24,"column":4}}},"fnMap":{"0":{"name":"Category","decl":{"start":{"line":8,"column":9},"end":{"line":8,"column":17}},"loc":{"start":{"line":8,"column":20},"end":{"line":25,"column":1}},"line":8},"1":{"name":"(anonymous_1)","decl":{"start":{"line":13,"column":12},"end":{"line":13,"column":13}},"loc":{"start":{"line":13,"column":18},"end":{"line":15,"column":3}},"line":13},"2":{"name":"(anonymous_2)","decl":{"start":{"line":14,"column":35},"end":{"line":14,"column":36}},"loc":{"start":{"line":14,"column":45},"end":{"line":14,"column":65}},"line":14}},"branchMap":{"0":{"loc":{"start":{"line":22,"column":7},"end":{"line":22,"column":65}},"type":"cond-expr","locations":[{"start":{"line":22,"column":23},"end":{"line":22,"column":36}},{"start":{"line":22,"column":39},"end":{"line":22,"column":65}}],"line":22}},"s":{"0":4,"1":4,"2":4,"3":4,"4":2,"5":2,"6":4},"f":{"0":4,"1":2,"2":2},"b":{"0":[3,1]},"_coverageSchema":"1a1c01bbd47fc00a2c39e90264f33305004495a9","hash":"7c732cf541484d2a6bda8a026225c2e4641dd4e9"}
,"/Users/admin/Downloads/spa-starter/src/pages/Contact.jsx": {"path":"/Users/admin/Downloads/spa-starter/src/pages/Contact.jsx","statementMap":{"0":{"start":{"line":2,"column":2},"end":{"line":2,"column":43}}},"fnMap":{"0":{"name":"Contact","decl":{"start":{"line":1,"column":9},"end":{"line":1,"column":16}},"loc":{"start":{"line":1,"column":19},"end":{"line":3,"column":1}},"line":1}},"branchMap":{},"s":{"0":1},"f":{"0":1},"b":{},"_coverageSchema":"1a1c01bbd47fc00a2c39e90264f33305004495a9","hash":"cf60fe59d6580d9e0b04f0ee018c3ef97872298d"}
,"/Users/admin/Downloads/spa-starter/src/pages/Home.jsx": {"path":"/Users/admin/Downloads/spa-starter/src/pages/Home.jsx","statementMap":{"0":{"start":{"line":9,"column":32},"end":{"line":9,"column":44}},"1":{"start":{"line":10,"column":48},"end":{"line":10,"column":60}},"2":{"start":{"line":12,"column":31},"end":{"line":12,"column":44}},"3":{"start":{"line":13,"column":19},"end":{"line":13,"column":31}},"4":{"start":{"line":15,"column":23},"end":{"line":25,"column":3}},"5":{"start":{"line":16,"column":4},"end":{"line":20,"column":6}},"6":{"start":{"line":18,"column":8},"end":{"line":18,"column":66}},"7":{"start":{"line":21,"column":4},"end":{"line":24,"column":7}},"8":{"start":{"line":27,"column":2},"end":{"line":40,"column":15}},"9":{"start":{"line":28,"column":4},"end":{"line":39,"column":7}},"10":{"start":{"line":29,"column":6},"end":{"line":29,"column":34}},"11":{"start":{"line":30,"column":6},"end":{"line":38,"column":8}},"12":{"start":{"line":33,"column":14},"end":{"line":35,"column":61}},"13":{"start":{"line":42,"column":2},"end":{"line":51,"column":4}}},"fnMap":{"0":{"name":"Home","decl":{"start":{"line":8,"column":9},"end":{"line":8,"column":13}},"loc":{"start":{"line":8,"column":16},"end":{"line":52,"column":1}},"line":8},"1":{"name":"(anonymous_1)","decl":{"start":{"line":15,"column":23},"end":{"line":15,"column":24}},"loc":{"start":{"line":15,"column":32},"end":{"line":25,"column":3}},"line":15},"2":{"name":"(anonymous_2)","decl":{"start":{"line":17,"column":21},"end":{"line":17,"column":22}},"loc":{"start":{"line":18,"column":8},"end":{"line":18,"column":66}},"line":18},"3":{"name":"(anonymous_3)","decl":{"start":{"line":27,"column":12},"end":{"line":27,"column":13}},"loc":{"start":{"line":27,"column":18},"end":{"line":40,"column":3}},"line":27},"4":{"name":"(anonymous_4)","decl":{"start":{"line":28,"column":28},"end":{"line":28,"column":29}},"loc":{"start":{"line":28,"column":38},"end":{"line":39,"column":5}},"line":28},"5":{"name":"(anonymous_5)","decl":{"start":{"line":32,"column":35},"end":{"line":32,"column":36}},"loc":{"start":{"line":33,"column":14},"end":{"line":35,"column":61}},"line":33}},"branchMap":{"0":{"loc":{"start":{"line":31,"column":8},"end":{"line":37,"column":27}},"type":"cond-expr","locations":[{"start":{"line":32,"column":12},"end":{"line":36,"column":13}},{"start":{"line":37,"column":12},"end":{"line":37,"column":27}}],"line":31},"1":{"loc":{"start":{"line":45,"column":7},"end":{"line":49,"column":7}},"type":"cond-expr","locations":[{"start":{"line":46,"column":8},"end":{"line":46,"column":21}},{"start":{"line":48,"column":8},"end":{"line":48,"column":50}}],"line":45}},"s":{"0":8,"1":8,"2":8,"3":8,"4":8,"5":1,"6":3,"7":1,"8":8,"9":4,"10":4,"11":4,"12":6,"13":8},"f":{"0":8,"1":1,"2":3,"3":4,"4":4,"5":6},"b":{"0":[2,2],"1":[3,5]},"_coverageSchema":"1a1c01bbd47fc00a2c39e90264f33305004495a9","hash":"ee778e8707d2f03ac4c5ad8681620a3baf8e0916"}
,"/Users/admin/Downloads/spa-starter/src/pages/NotFound.jsx": {"path":"/Users/admin/Downloads/spa-starter/src/pages/NotFound.jsx","statementMap":{"0":{"start":{"line":2,"column":2},"end":{"line":2,"column":33}}},"fnMap":{"0":{"name":"NotFound","decl":{"start":{"line":1,"column":9},"end":{"line":1,"column":17}},"loc":{"start":{"line":1,"column":20},"end":{"line":3,"column":1}},"line":1}},"branchMap":{},"s":{"0":1},"f":{"0":1},"b":{},"_coverageSchema":"1a1c01bbd47fc00a2c39e90264f33305004495a9","hash":"130036e832ad6ed36b5c1c4db22db705fefd473f"}
,"/Users/admin/Downloads/spa-starter/src/pages/Recipe.jsx": {"path":"/Users/admin/Downloads/spa-starter/src/pages/Recipe.jsx","statementMap":{"0":{"start":{"line":7,"column":30},"end":{"line":7,"column":42}},"1":{"start":{"line":8,"column":17},"end":{"line":8,"column":28}},"2":{"start":{"line":9,"column":21},"end":{"line":9,"column":33}},"3":{"start":{"line":11,"column":2},"end":{"line":13,"column":11}},"4":{"start":{"line":12,"column":4},"end":{"line":12,"column":61}},"5":{"start":{"line":12,"column":35},"end":{"line":12,"column":59}},"6":{"start":{"line":15,"column":2},"end":{"line":67,"column":4}},"7":{"start":{"line":36,"column":16},"end":{"line":43,"column":17}},"8":{"start":{"line":37,"column":18},"end":{"line":42,"column":20}},"9":{"start":{"line":44,"column":16},"end":{"line":44,"column":28}}},"fnMap":{"0":{"name":"Recipe","decl":{"start":{"line":6,"column":9},"end":{"line":6,"column":15}},"loc":{"start":{"line":6,"column":18},"end":{"line":68,"column":1}},"line":6},"1":{"name":"(anonymous_1)","decl":{"start":{"line":11,"column":12},"end":{"line":11,"column":13}},"loc":{"start":{"line":11,"column":18},"end":{"line":13,"column":3}},"line":11},"2":{"name":"(anonymous_2)","decl":{"start":{"line":12,"column":25},"end":{"line":12,"column":26}},"loc":{"start":{"line":12,"column":35},"end":{"line":12,"column":59}},"line":12},"3":{"name":"(anonymous_3)","decl":{"start":{"line":35,"column":39},"end":{"line":35,"column":40}},"loc":{"start":{"line":35,"column":48},"end":{"line":45,"column":15}},"line":35}},"branchMap":{"0":{"loc":{"start":{"line":17,"column":7},"end":{"line":62,"column":7}},"type":"cond-expr","locations":[{"start":{"line":18,"column":8},"end":{"line":18,"column":21}},{"start":{"line":20,"column":8},"end":{"line":61,"column":14}}],"line":17},"1":{"loc":{"start":{"line":24,"column":11},"end":{"line":24,"column":66}},"type":"cond-expr","locations":[{"start":{"line":24,"column":28},"end":{"line":24,"column":59}},{"start":{"line":24,"column":62},"end":{"line":24,"column":66}}],"line":24},"2":{"loc":{"start":{"line":36,"column":16},"end":{"line":43,"column":17}},"type":"if","locations":[{"start":{"line":36,"column":16},"end":{"line":43,"column":17}},{"start":{},"end":{}}],"line":36},"3":{"loc":{"start":{"line":36,"column":20},"end":{"line":36,"column":61}},"type":"binary-expr","locations":[{"start":{"line":36,"column":20},"end":{"line":36,"column":46}},{"start":{"line":36,"column":50},"end":{"line":36,"column":61}}],"line":36},"4":{"loc":{"start":{"line":49,"column":11},"end":{"line":60,"column":18}},"type":"cond-expr","locations":[{"start":{"line":50,"column":12},"end":{"line":59,"column":18}},{"start":{"line":60,"column":14},"end":{"line":60,"column":18}}],"line":49}},"s":{"0":4,"1":4,"2":4,"3":4,"4":2,"5":2,"6":4,"7":16,"8":2,"9":14},"f":{"0":4,"1":2,"2":2,"3":16},"b":{"0":[2,2],"1":[1,1],"2":[2,14],"3":[16,2],"4":[1,1]},"_coverageSchema":"1a1c01bbd47fc00a2c39e90264f33305004495a9","hash":"7b86f5a970f5ad5d3d14202686a859061c161e71"}
,"/Users/admin/Downloads/spa-starter/src/utils/testing.js": {"path":"/Users/admin/Downloads/spa-starter/src/utils/testing.js","statementMap":{"0":{"start":{"line":4,"column":32},"end":{"line":10,"column":1}},"1":{"start":{"line":5,"column":18},"end":{"line":7,"column":3}},"2":{"start":{"line":6,"column":4},"end":{"line":6,"column":56}},"3":{"start":{"line":9,"column":2},"end":{"line":9,"column":49}}},"fnMap":{"0":{"name":"(anonymous_0)","decl":{"start":{"line":4,"column":32},"end":{"line":4,"column":33}},"loc":{"start":{"line":4,"column":61},"end":{"line":10,"column":1}},"line":4},"1":{"name":"(anonymous_1)","decl":{"start":{"line":5,"column":18},"end":{"line":5,"column":19}},"loc":{"start":{"line":6,"column":4},"end":{"line":6,"column":56}},"line":6}},"branchMap":{"0":{"loc":{"start":{"line":4,"column":44},"end":{"line":4,"column":56}},"type":"default-arg","locations":[{"start":{"line":4,"column":54},"end":{"line":4,"column":56}}],"line":4}},"s":{"0":10,"1":20,"2":20,"3":20},"f":{"0":20,"1":20},"b":{"0":[14]},"_coverageSchema":"1a1c01bbd47fc00a2c39e90264f33305004495a9","hash":"da251cb934911b94eaf3655cbd1a6cfd342dc2e6"}
}
